2017-03-08 10:07:09,255 INFO  c.c.d.collector.DefaultJenkinsClient - DefaultjenkinsClient::::::getCucumberTestResult: buildJson : {"duration":11193406,"number":176,"fullDisplayName":"job1 #176","building":false,"artifacts":[{"fileName":"tag-overview.html","relativePath":"job1\/test1\/report\/web\/tag-overview.html"},{"fileName":"cucumber.json","relativePath":"target\/cucumber.json"},{"fileName":"testng-results.xml","relativePath":"target\/surefire-reports\/testng-results.xml"}],"timestamp":1449831529581}
2017-03-08 10:07:09,260 INFO  c.c.d.collector.DefaultJenkinsClient - *****************getCapabilities: : buildJson::::{"duration":11193406,"number":176,"fullDisplayName":"job1 #176","building":false,"artifacts":[{"fileName":"tag-overview.html","relativePath":"job1\/test1\/report\/web\/tag-overview.html"},{"fileName":"cucumber.json","relativePath":"target\/cucumber.json"},{"fileName":"testng-results.xml","relativePath":"target\/surefire-reports\/testng-results.xml"}],"timestamp":1449831529581}
2017-03-08 10:07:09,261 INFO  c.c.d.collector.DefaultJenkinsClient - *****************getCapabilities: : artifact::::{"fileName":"tag-overview.html","relativePath":"job1\/test1\/report\/web\/tag-overview.html"}
2017-03-08 10:07:09,261 INFO  c.c.d.collector.DefaultJenkinsClient - *****************getCapabilities: : artifact::::{"fileName":"cucumber.json","relativePath":"target\/cucumber.json"}
2017-03-08 10:07:09,263 INFO  c.c.d.c.CucumberJsonToTestResultTransformer - CucumberJsonToTestResultTransformer: transformer : [
  {
    "comments": [
      {
        "value": "# Feature comment",
        "line": 1
      }
    ],
    "keyword": "Feature",
    "name": "eCUKE Feature",
    "line": 2,
    "description": "",
    "id": "ecuke-feature",
    "uri": "features/sample.feature",
    "elements": [
      {
        "keyword": "Scenario",
        "name": "I say hi",
        "line": 5,
        "description": "",
        "tags": [
          {
            "name": "@alm_test=99772",
            "line": 4
          }
        ],
        "id": "ecuke-feature;i-say-hi",
        "type": "scenario",
        "steps": [
          {
            "keyword": "Given ",
            "name": "You said hi",
            "line": 6,
            "output": [
              "Hello to you"
            ],
            "match": {
              "location": "features/step_definitions/my_steps.rb:1"
            },
            "result": {
              "status": "passed",
              "duration": 4001555571
            }
          }
        ]
      },
      {
        "keyword": "Scenario",
        "name": "You say hi",
        "line": 9,
        "description": "",
        "tags": [
          {
            "name": "@alm_test=99773",
            "line": 8
          }
        ],
        "id": "ecuke-feature;you-say-hi",
        "type": "scenario",
        "steps": [
          {
            "keyword": "Given ",
            "name": "Something happened",
            "line": 10,
            "output": [
              "Something happens",
              "12",
              "5",
              "7"
            ],
            "match": {
              "location": "features/step_definitions/my_steps.rb:5"
            },
            "result": {
              "status": "passed",
              "duration": 1001212921
            }
          }
        ]
      },
      {
        "keyword": "Scenario Outline",
        "name": "Eating Cucumbers",
        "line": 13,
        "description": "",
        "tags": [
          {
            "name": "@alm_test=99771",
            "line": 12
          }
        ],
        "id": "ecuke-feature;eating-cucumbers",
        "type": "scenario_outline",
        "steps": [
          {
            "keyword": "Given ",
            "name": "there are 12 cucumbers",
            "line": 14,
            "match": {

            },
            "result": {
              "status": "passed"
            }
          },
          {
            "keyword": "When ",
            "name": "I eat 5 cucumbers",
            "line": 15,
            "match": {

            },
            "result": {
              "status": "passed"
            }
          },
          {
            "keyword": "Then ",
            "name": "I should have 7 cucumbers",
            "line": 16,
            "match": {

            },
            "result": {
              "status": "passed",
              "duration": 2013197371
            },
            "output": [
              "20",
              "5",
              "15"
            ]
          }
        ]
      },
      {
        "keyword": "Scenario Outline",
        "name": "Eating Cucumbers",
        "line": 13,
        "description": "",
        "tags": [
          {
            "name": "@alm_test=99771",
            "line": 12
          }
        ],
        "id": "ecuke-feature;eating-cucumbers",
        "type": "scenario_outline",
        "steps": [
          {
            "keyword": "Given ",
            "name": "there are 20 cucumbers",
            "line": 14,
            "match": {

            },
            "result": {
              "status": "passed"
            }
          },
          {
            "keyword": "When ",
            "name": "I eat 5 cucumbers",
            "line": 15,
            "match": {

            },
            "result": {
              "status": "passed"
            }
          },
          {
            "keyword": "Then ",
            "name": "I should have 15 cucumbers",
            "line": 16,
            "match": {

            },
            "result": {
              "status": "passed",
              "duration": 8003875005
            }
          }
        ]
      }
    ]
  }
]
2017-03-08 10:07:09,268 INFO  c.c.d.c.CucumberJsonToTestResultTransformer - CucumberJsonToTestResultTransformer: feature : {"comments":[{"line":1,"value":"# Feature comment"}],"line":2,"elements":[{"line":5,"name":"I say hi","description":"","id":"ecuke-feature;i-say-hi","keyword":"Scenario","type":"scenario","steps":[{"output":["Hello to you"],"result":{"duration":4001555571,"status":"passed"},"line":6,"name":"You said hi","match":{"location":"features\/step_definitions\/my_steps.rb:1"},"keyword":"Given "}],"tags":[{"line":4,"name":"@alm_test=99772"}]},{"line":9,"name":"You say hi","description":"","id":"ecuke-feature;you-say-hi","keyword":"Scenario","type":"scenario","steps":[{"output":["Something happens","12","5","7"],"result":{"duration":1001212921,"status":"passed"},"line":10,"name":"Something happened","match":{"location":"features\/step_definitions\/my_steps.rb:5"},"keyword":"Given "}],"tags":[{"line":8,"name":"@alm_test=99773"}]},{"line":13,"name":"Eating Cucumbers","description":"","id":"ecuke-feature;eating-cucumbers","keyword":"Scenario Outline","type":"scenario_outline","steps":[{"result":{"status":"passed"},"line":14,"name":"there are 12 cucumbers","match":{},"keyword":"Given "},{"result":{"status":"passed"},"line":15,"name":"I eat 5 cucumbers","match":{},"keyword":"When "},{"result":{"duration":2013197371,"status":"passed"},"output":["20","5","15"],"line":16,"name":"I should have 7 cucumbers","match":{},"keyword":"Then "}],"tags":[{"line":12,"name":"@alm_test=99771"}]},{"line":13,"name":"Eating Cucumbers","description":"","id":"ecuke-feature;eating-cucumbers","keyword":"Scenario Outline","type":"scenario_outline","steps":[{"result":{"status":"passed"},"line":14,"name":"there are 20 cucumbers","match":{},"keyword":"Given "},{"result":{"status":"passed"},"line":15,"name":"I eat 5 cucumbers","match":{},"keyword":"When "},{"result":{"duration":8003875005,"status":"passed"},"line":16,"name":"I should have 15 cucumbers","match":{},"keyword":"Then "}],"tags":[{"line":12,"name":"@alm_test=99771"}]}],"name":"eCUKE Feature","description":"","id":"ecuke-feature","keyword":"Feature","uri":"features\/sample.feature"}
2017-03-08 10:07:09,269 INFO  c.c.d.c.CucumberJsonToTestResultTransformer - CucumberJsonToTestResultTransformer: featureId : ecuke-feature
2017-03-08 10:07:09,269 INFO  c.c.d.c.CucumberJsonToTestResultTransformer - CucumberJsonToTestResultTransformer: parseFeatureAsTestSuite : 
2017-03-08 10:07:09,271 INFO  c.c.d.c.CucumberJsonToTestResultTransformer - CucumberJsonToTestResultTransformer: suites size : 1
2017-03-08 10:07:09,272 INFO  c.c.d.collector.DefaultJenkinsClient - *****************getCapabilities: : artifact::::{"fileName":"testng-results.xml","relativePath":"target\/surefire-reports\/testng-results.xml"}
2017-03-08 10:07:09,296 ERROR c.c.d.collector.DefaultJenkinsClient - Parsing jobs on instance: URL
org.json.simple.parser.ParseException: null
	at org.json.simple.parser.JSONParser.parse(JSONParser.java:257) ~[json-simple-1.1.1.jar:na]
	at org.json.simple.parser.JSONParser.parse(JSONParser.java:81) ~[json-simple-1.1.1.jar:na]
	at org.json.simple.parser.JSONParser.parse(JSONParser.java:75) ~[json-simple-1.1.1.jar:na]
	at com.capitalone.dashboard.collector.DefaultJenkinsClient.getInstanceJobs(DefaultJenkinsClient.java:74) ~[classes/:na]
	at com.capitalone.dashboard.collector.DefaultJenkinsClientTest.instanceJobs_emptyResponse_returnsEmptyMap(DefaultJenkinsClientTest.java:110) [test-classes/:na]
	at sun.reflect.NativeMethodAccessorImpl.invoke0(Native Method) ~[na:1.8.0_121]
	at sun.reflect.NativeMethodAccessorImpl.invoke(NativeMethodAccessorImpl.java:62) ~[na:1.8.0_121]
	at sun.reflect.DelegatingMethodAccessorImpl.invoke(DelegatingMethodAccessorImpl.java:43) ~[na:1.8.0_121]
	at java.lang.reflect.Method.invoke(Method.java:498) ~[na:1.8.0_121]
	at org.junit.runners.model.FrameworkMethod$1.runReflectiveCall(FrameworkMethod.java:50) [junit-4.12.jar:4.12]
	at org.junit.internal.runners.model.ReflectiveCallable.run(ReflectiveCallable.java:12) [junit-4.12.jar:4.12]
	at org.junit.runners.model.FrameworkMethod.invokeExplosively(FrameworkMethod.java:47) [junit-4.12.jar:4.12]
	at org.junit.internal.runners.statements.InvokeMethod.evaluate(InvokeMethod.java:17) [junit-4.12.jar:4.12]
	at org.junit.internal.runners.statements.RunBefores.evaluate(RunBefores.java:26) [junit-4.12.jar:4.12]
	at org.junit.runners.ParentRunner.runLeaf(ParentRunner.java:325) [junit-4.12.jar:4.12]
	at org.junit.runners.BlockJUnit4ClassRunner.runChild(BlockJUnit4ClassRunner.java:78) [junit-4.12.jar:4.12]
	at org.junit.runners.BlockJUnit4ClassRunner.runChild(BlockJUnit4ClassRunner.java:57) [junit-4.12.jar:4.12]
	at org.junit.runners.ParentRunner$3.run(ParentRunner.java:290) [junit-4.12.jar:4.12]
	at org.junit.runners.ParentRunner$1.schedule(ParentRunner.java:71) [junit-4.12.jar:4.12]
	at org.junit.runners.ParentRunner.runChildren(ParentRunner.java:288) [junit-4.12.jar:4.12]
	at org.junit.runners.ParentRunner.access$000(ParentRunner.java:58) [junit-4.12.jar:4.12]
	at org.junit.runners.ParentRunner$2.evaluate(ParentRunner.java:268) [junit-4.12.jar:4.12]
	at org.junit.runners.ParentRunner.run(ParentRunner.java:363) [junit-4.12.jar:4.12]
	at org.mockito.internal.runners.JUnit45AndHigherRunnerImpl.run(JUnit45AndHigherRunnerImpl.java:37) [mockito-core-1.10.19.jar:na]
	at org.mockito.runners.MockitoJUnitRunner.run(MockitoJUnitRunner.java:62) [mockito-core-1.10.19.jar:na]
	at org.apache.maven.surefire.junit4.JUnit4Provider.execute(JUnit4Provider.java:264) [surefire-junit4-2.17.jar:2.17]
	at org.apache.maven.surefire.junit4.JUnit4Provider.executeTestSet(JUnit4Provider.java:153) [surefire-junit4-2.17.jar:2.17]
	at org.apache.maven.surefire.junit4.JUnit4Provider.invoke(JUnit4Provider.java:124) [surefire-junit4-2.17.jar:2.17]
	at org.apache.maven.surefire.booter.ForkedBooter.invokeProviderInSameClassLoader(ForkedBooter.java:200) [surefire-booter-2.17.jar:2.17]
	at org.apache.maven.surefire.booter.ForkedBooter.runSuitesInProcess(ForkedBooter.java:153) [surefire-booter-2.17.jar:2.17]
	at org.apache.maven.surefire.booter.ForkedBooter.main(ForkedBooter.java:103) [surefire-booter-2.17.jar:2.17]
2017-03-08 10:07:09,305 INFO  c.c.d.c.CucumberJsonToTestResultTransformer - CucumberJsonToTestResultTransformer: transformer : [
  {
    "comments": [
      {
        "value": "# Feature comment",
        "line": 1
      }
    ],
    "keyword": "Feature",
    "name": "eCUKE Feature",
    "line": 2,
    "description": "",
    "id": "ecuke-feature",
    "uri": "features/sample.feature",
    "elements": [
      {
        "keyword": "Scenario",
        "name": "I say hi",
        "line": 5,
        "description": "",
        "tags": [
          {
            "name": "@alm_test=99772",
            "line": 4
          }
        ],
        "id": "ecuke-feature;i-say-hi",
        "type": "scenario",
        "steps": [
          {
            "keyword": "Given ",
            "name": "You said hi",
            "line": 6,
            "output": [
              "Hello to you"
            ],
            "match": {
              "location": "features/step_definitions/my_steps.rb:1"
            },
            "result": {
              "status": "passed",
              "duration": 4001555571
            }
          }
        ]
      },
      {
        "keyword": "Scenario",
        "name": "You say hi",
        "line": 9,
        "description": "",
        "tags": [
          {
            "name": "@alm_test=99773",
            "line": 8
          }
        ],
        "id": "ecuke-feature;you-say-hi",
        "type": "scenario",
        "steps": [
          {
            "keyword": "Given ",
            "name": "Something happened",
            "line": 10,
            "output": [
              "Something happens",
              "12",
              "5",
              "7"
            ],
            "match": {
              "location": "features/step_definitions/my_steps.rb:5"
            },
            "result": {
              "status": "passed",
              "duration": 1001212921
            }
          }
        ]
      },
      {
        "keyword": "Scenario Outline",
        "name": "Eating Cucumbers",
        "line": 13,
        "description": "",
        "tags": [
          {
            "name": "@alm_test=99771",
            "line": 12
          }
        ],
        "id": "ecuke-feature;eating-cucumbers",
        "type": "scenario_outline",
        "steps": [
          {
            "keyword": "Given ",
            "name": "there are 12 cucumbers",
            "line": 14,
            "match": {

            },
            "result": {
              "status": "passed"
            }
          },
          {
            "keyword": "When ",
            "name": "I eat 5 cucumbers",
            "line": 15,
            "match": {

            },
            "result": {
              "status": "passed"
            }
          },
          {
            "keyword": "Then ",
            "name": "I should have 7 cucumbers",
            "line": 16,
            "match": {

            },
            "result": {
              "status": "passed",
              "duration": 2013197371
            },
            "output": [
              "20",
              "5",
              "15"
            ]
          }
        ]
      },
      {
        "keyword": "Scenario Outline",
        "name": "Eating Cucumbers",
        "line": 13,
        "description": "",
        "tags": [
          {
            "name": "@alm_test=99771",
            "line": 12
          }
        ],
        "id": "ecuke-feature;eating-cucumbers",
        "type": "scenario_outline",
        "steps": [
          {
            "keyword": "Given ",
            "name": "there are 20 cucumbers",
            "line": 14,
            "match": {

            },
            "result": {
              "status": "passed"
            }
          },
          {
            "keyword": "When ",
            "name": "I eat 5 cucumbers",
            "line": 15,
            "match": {

            },
            "result": {
              "status": "passed"
            }
          },
          {
            "keyword": "Then ",
            "name": "I should have 15 cucumbers",
            "line": 16,
            "match": {

            },
            "result": {
              "status": "passed",
              "duration": 8003875005
            }
          }
        ]
      }
    ]
  }
]
2017-03-08 10:07:09,307 INFO  c.c.d.c.CucumberJsonToTestResultTransformer - CucumberJsonToTestResultTransformer: feature : {"comments":[{"line":1,"value":"# Feature comment"}],"line":2,"elements":[{"line":5,"name":"I say hi","description":"","id":"ecuke-feature;i-say-hi","keyword":"Scenario","type":"scenario","steps":[{"output":["Hello to you"],"result":{"duration":4001555571,"status":"passed"},"line":6,"name":"You said hi","match":{"location":"features\/step_definitions\/my_steps.rb:1"},"keyword":"Given "}],"tags":[{"line":4,"name":"@alm_test=99772"}]},{"line":9,"name":"You say hi","description":"","id":"ecuke-feature;you-say-hi","keyword":"Scenario","type":"scenario","steps":[{"output":["Something happens","12","5","7"],"result":{"duration":1001212921,"status":"passed"},"line":10,"name":"Something happened","match":{"location":"features\/step_definitions\/my_steps.rb:5"},"keyword":"Given "}],"tags":[{"line":8,"name":"@alm_test=99773"}]},{"line":13,"name":"Eating Cucumbers","description":"","id":"ecuke-feature;eating-cucumbers","keyword":"Scenario Outline","type":"scenario_outline","steps":[{"result":{"status":"passed"},"line":14,"name":"there are 12 cucumbers","match":{},"keyword":"Given "},{"result":{"status":"passed"},"line":15,"name":"I eat 5 cucumbers","match":{},"keyword":"When "},{"result":{"duration":2013197371,"status":"passed"},"output":["20","5","15"],"line":16,"name":"I should have 7 cucumbers","match":{},"keyword":"Then "}],"tags":[{"line":12,"name":"@alm_test=99771"}]},{"line":13,"name":"Eating Cucumbers","description":"","id":"ecuke-feature;eating-cucumbers","keyword":"Scenario Outline","type":"scenario_outline","steps":[{"result":{"status":"passed"},"line":14,"name":"there are 20 cucumbers","match":{},"keyword":"Given "},{"result":{"status":"passed"},"line":15,"name":"I eat 5 cucumbers","match":{},"keyword":"When "},{"result":{"duration":8003875005,"status":"passed"},"line":16,"name":"I should have 15 cucumbers","match":{},"keyword":"Then "}],"tags":[{"line":12,"name":"@alm_test=99771"}]}],"name":"eCUKE Feature","description":"","id":"ecuke-feature","keyword":"Feature","uri":"features\/sample.feature"}
2017-03-08 10:07:09,308 INFO  c.c.d.c.CucumberJsonToTestResultTransformer - CucumberJsonToTestResultTransformer: featureId : ecuke-feature
2017-03-08 10:07:09,308 INFO  c.c.d.c.CucumberJsonToTestResultTransformer - CucumberJsonToTestResultTransformer: parseFeatureAsTestSuite : 
2017-03-08 10:07:09,309 INFO  c.c.d.c.CucumberJsonToTestResultTransformer - CucumberJsonToTestResultTransformer: suites size : 1
