2017-02-22 18:37:07,900 INFO  c.c.d.collector.CollectorTask - -----------------------------------
2017-02-22 18:37:07,905 INFO  c.c.d.collector.CollectorTask - server1
2017-02-22 18:37:07,905 INFO  c.c.d.collector.CollectorTask - -----------------------------------
2017-02-22 18:37:07,907 INFO  c.c.d.collector.CollectorTask - Fetched jobs                     0s
2017-02-22 18:37:07,908 INFO  c.c.d.collector.CollectorTask - New jobs                0        0s
2017-02-22 18:37:07,908 INFO  c.c.d.collector.CollectorTask - New builds              0        0s
2017-02-22 18:37:07,908 INFO  c.c.d.collector.CollectorTask - Finished                         0s
2017-02-22 18:37:07,911 INFO  c.c.d.collector.CollectorTask - -----------------------------------
2017-02-22 18:37:07,911 INFO  c.c.d.collector.CollectorTask - server1
2017-02-22 18:37:07,911 INFO  c.c.d.collector.CollectorTask - -----------------------------------
2017-02-22 18:37:07,912 INFO  c.c.d.collector.CollectorTask - Fetched jobs                     0s
2017-02-22 18:37:07,912 INFO  c.c.d.collector.CollectorTask - New jobs                1        0s
2017-02-22 18:37:07,912 INFO  c.c.d.collector.CollectorTask - New builds              0        0s
2017-02-22 18:37:07,912 INFO  c.c.d.collector.CollectorTask - Finished                         0s
2017-02-22 18:37:07,918 INFO  c.c.d.collector.CollectorTask - -----------------------------------
2017-02-22 18:37:07,918 INFO  c.c.d.collector.CollectorTask - server1
2017-02-22 18:37:07,918 INFO  c.c.d.collector.CollectorTask - -----------------------------------
2017-02-22 18:37:07,918 INFO  c.c.d.collector.CollectorTask - Fetched jobs                     0s
2017-02-22 18:37:07,918 INFO  c.c.d.collector.CollectorTask - New jobs                0        0s
2017-02-22 18:37:07,919 INFO  c.c.d.collector.CollectorTask - New builds              0        0s
2017-02-22 18:37:07,919 INFO  c.c.d.collector.CollectorTask - Finished                         0s
2017-02-22 18:37:07,921 INFO  c.c.d.collector.CollectorTask - -----------------------------------
2017-02-22 18:37:07,921 INFO  c.c.d.collector.CollectorTask - server1
2017-02-22 18:37:07,922 INFO  c.c.d.collector.CollectorTask - -----------------------------------
2017-02-22 18:37:07,922 INFO  c.c.d.collector.CollectorTask - Fetched jobs                     0s
2017-02-22 18:37:07,922 INFO  c.c.d.collector.CollectorTask - New jobs                1        0s
2017-02-22 18:37:07,922 INFO  c.c.d.collector.CollectorTask - New builds              0        0s
2017-02-22 18:37:07,923 INFO  c.c.d.collector.CollectorTask - Finished                         0s
2017-02-22 18:37:07,930 INFO  c.c.d.collector.CollectorTask - -----------------------------------
2017-02-22 18:37:07,930 INFO  c.c.d.collector.CollectorTask - server1
2017-02-22 18:37:07,930 INFO  c.c.d.collector.CollectorTask - -----------------------------------
2017-02-22 18:37:07,931 INFO  c.c.d.collector.CollectorTask - Fetched jobs                     0s
2017-02-22 18:37:07,931 INFO  c.c.d.collector.CollectorTask - New jobs                2        0s
2017-02-22 18:37:07,931 INFO  c.c.d.collector.CollectorTask - New builds              0        0s
2017-02-22 18:37:07,931 INFO  c.c.d.collector.CollectorTask - Finished                         0s
2017-02-22 18:37:07,933 INFO  c.c.d.collector.CollectorTask - -----------------------------------
2017-02-22 18:37:07,934 INFO  c.c.d.collector.CollectorTask - server1
2017-02-22 18:37:07,934 INFO  c.c.d.collector.CollectorTask - -----------------------------------
2017-02-22 18:37:07,934 INFO  c.c.d.collector.CollectorTask - Fetched jobs                     0s
2017-02-22 18:37:07,934 INFO  c.c.d.collector.CollectorTask - New jobs                1        0s
2017-02-22 18:37:07,935 INFO  c.c.d.collector.CollectorTask - New builds              0        0s
2017-02-22 18:37:07,935 INFO  c.c.d.collector.CollectorTask - Finished                         0s
2017-02-22 18:37:07,937 INFO  c.c.d.collector.CollectorTask - -----------------------------------
2017-02-22 18:37:07,938 INFO  c.c.d.collector.CollectorTask - server1
2017-02-22 18:37:07,938 INFO  c.c.d.collector.CollectorTask - -----------------------------------
2017-02-22 18:37:07,938 INFO  c.c.d.collector.CollectorTask - Fetched jobs                     0s
2017-02-22 18:37:07,938 INFO  c.c.d.collector.CollectorTask - New jobs                1        0s
2017-02-22 18:37:07,939 INFO  c.c.d.collector.CollectorTask - New builds              1        0s
2017-02-22 18:37:07,940 INFO  c.c.d.collector.CollectorTask - Finished                         0s
2017-02-22 18:37:07,943 INFO  c.c.d.collector.CollectorTask - -----------------------------------
2017-02-22 18:37:07,943 INFO  c.c.d.collector.CollectorTask - server1
2017-02-22 18:37:07,943 INFO  c.c.d.collector.CollectorTask - -----------------------------------
2017-02-22 18:37:07,943 INFO  c.c.d.collector.CollectorTask - Fetched jobs                     0s
2017-02-22 18:37:07,943 INFO  c.c.d.collector.CollectorTask - New jobs                0        0s
2017-02-22 18:37:07,944 INFO  c.c.d.collector.CollectorTask - New builds              0        0s
2017-02-22 18:37:07,944 INFO  c.c.d.collector.CollectorTask - Finished                         0s
